2024-11-04T00:00:00 - Update documentation and README
2024-11-04T00:00:00 - Clean up code and remove unused imports
2024-11-04T00:00:00 - Update documentation and README
2024-11-11T00:00:00 - Add support for new dataset
2024-11-11T00:00:00 - Improve error handling in API endpoints
2024-11-11T00:00:00 - Fix issue with model saving and loading
2024-11-15T00:00:00 - Optimize training loop
2024-12-11T00:00:00 - Add support for new dataset
2024-12-11T00:00:00 - Clean up code and remove unused imports
2024-12-11T00:00:00 - Refactor model architecture for better performance
2024-12-11T00:00:00 - Update dependencies in requirements.txt
2024-12-11T00:00:00 - Add support for new dataset
2024-12-19T00:00:00 - Add comments to complex functions
2024-12-19T00:00:00 - Enhance visualization scripts
2024-12-19T00:00:00 - Add support for new dataset
2024-12-19T00:00:00 - Add support for new dataset
2024-12-19T00:00:00 - Clean up code and remove unused imports
2025-01-03T00:00:00 - Enhance visualization scripts
2025-01-03T00:00:00 - Improve error handling in API endpoints
2025-01-03T00:00:00 - Fix minor bugs in data preprocessing
